<?xml version="1.0" encoding="UTF-8"?>
<!-- Generated by org.testng.reporters.JUnitXMLReporter -->
<testsuite hostname="kanakamedala" ignored="0" name="Open Cart Login Page Test" tests="3" failures="0" timestamp="13 Jul 2021 19:13:32 GMT" time="8.111" errors="0">
  <testcase name="forgotPwdLinkTest" time="0.518" classname="com.qa.opencart.tests.LoginPageTest"/>
  <testcase name="loginPageTitleTest" time="0.021" classname="com.qa.opencart.tests.LoginPageTest"/>
  <testcase name="loginTest" time="3.195" classname="com.qa.opencart.tests.LoginPageTest"/>
</testsuite> <!-- Open Cart Login Page Test -->
