<?xml version="1.0" encoding="UTF-8"?>
<!-- Generated by org.testng.reporters.JUnitXMLReporter -->
<testsuite hostname="kanakamedala" ignored="0" name="Open Cart Login Page Test" tests="3" failures="0" timestamp="13 Jul 2021 21:48:42 GMT" time="6.616" errors="0">
  <testcase name="forgotPwdLinkTest" time="0.647" classname="com.qa.opencart.tests.LoginPageTest"/>
  <testcase name="loginPageTitleTest" time="0.03" classname="com.qa.opencart.tests.LoginPageTest"/>
  <testcase name="loginTest" time="3.204" classname="com.qa.opencart.tests.LoginPageTest"/>
</testsuite> <!-- Open Cart Login Page Test -->
