<?xml version="1.0" encoding="UTF-8"?>
<!-- Generated by org.testng.reporters.JUnitXMLReporter -->
<testsuite hostname="kanakamedala" ignored="0" name="Open Cart Accounts Page Test" tests="5" failures="0" timestamp="13 Jul 2021 21:48:44 GMT" time="7.656" errors="0">
  <testcase name="LogoutlinkTest" time="0.565" classname="com.qa.opencart.tests.AccountsPageTest"/>
  <testcase name="accPageSectionsListTest" time="0.334" classname="com.qa.opencart.tests.AccountsPageTest"/>
  <testcase name="accountsPageTitleTest" time="0.022" classname="com.qa.opencart.tests.AccountsPageTest"/>
  <testcase name="headerTest" time="0.518" classname="com.qa.opencart.tests.AccountsPageTest"/>
  <testcase name="searchExistTest" time="0.533" classname="com.qa.opencart.tests.AccountsPageTest"/>
</testsuite> <!-- Open Cart Accounts Page Test -->
