<?xml version="1.0" encoding="UTF-8"?>
<testsuite xmlns:xsi="http://www.w3.org/2001/XMLSchema-instance" xsi:noNamespaceSchemaLocation="https://maven.apache.org/surefire/maven-surefire-plugin/xsd/surefire-test-report-3.0.xsd" version="3.0" name="TestSuite" time="15.67" tests="8" errors="0" skipped="0" failures="0">
  <properties>
[...]
</properties>
  <testcase name="forgotPwdLinkTest" classname="com.qa.opencart.tests.LoginPageTest" time="0.502">
    <system-out><![CDATA[...
... TestNG 6.14.3 by Cédric Beust (cedric@beust.com)
...

Test Suite started!
I am in onStart method Open Cart Login Page Test
Running on Environment PROD env
Browser name is :chrome
forgotPwdLinkTest started!
I am in onTestStart method forgotPwdLinkTest start
]]></system-out>
    <system-err><![CDATA[SLF4J: Failed to load class "org.slf4j.impl.StaticLoggerBinder".
SLF4J: Defaulting to no-operation (NOP) logger implementation
SLF4J: See http://www.slf4j.org/codes.html#StaticLoggerBinder for further details.
Starting ChromeDriver 91.0.4472.101 (af52a90bf87030dd1523486a1cd3ae25c5d76c9b-refs/branch-heads/4472@{#1462}) on port 24099
Only local connections are allowed.
Please see https://chromedriver.chromium.org/security-considerations for suggestions on keeping ChromeDriver safe.
ChromeDriver was started successfully.
Jul 13, 2021 9:13:25 PM org.openqa.selenium.remote.ProtocolHandshake createSession
INFO: Detected dialect: W3C
]]></system-err>
  </testcase>
  <testcase name="loginPageTitleTest" classname="com.qa.opencart.tests.LoginPageTest" time="0.022">
    <system-out><![CDATA[forgotPwdLinkTest passed!
I am in onTestSuccess method forgotPwdLinkTest succeed
loginPageTitleTest started!
I am in onTestStart method loginPageTitleTest start
Login page Title is: Account Login
]]></system-out>
  </testcase>
  <testcase name="loginTest" classname="com.qa.opencart.tests.LoginPageTest" time="3.195">
    <system-out><![CDATA[loginPageTitleTest passed!
I am in onTestSuccess method loginPageTitleTest succeed
loginTest started!
I am in onTestStart method loginTest start
Login with:naveenanimation20@gmail.com : Selenium12345
]]></system-out>
  </testcase>
  <testcase name="LogoutlinkTest" classname="com.qa.opencart.tests.AccountsPageTest" time="0.465">
    <system-out><![CDATA[loginTest passed!
I am in onTestSuccess method loginTest succeed
Test Suite is ending!
I am in onFinish method Open Cart Login Page Test
Test Suite started!
I am in onStart method Open Cart Accounts Page Test
Running on Environment PROD env
Browser name is :chrome
Login with:naveenanimation20@gmail.com : Selenium12345
LogoutlinkTest started!
I am in onTestStart method LogoutlinkTest start
]]></system-out>
    <system-err><![CDATA[log4j:WARN No appenders could be found for logger (freemarker.cache).
log4j:WARN Please initialize the log4j system properly.
Starting ChromeDriver 91.0.4472.101 (af52a90bf87030dd1523486a1cd3ae25c5d76c9b-refs/branch-heads/4472@{#1462}) on port 16779
Only local connections are allowed.
Please see https://chromedriver.chromium.org/security-considerations for suggestions on keeping ChromeDriver safe.
ChromeDriver was started successfully.
Jul 13, 2021 9:13:33 PM org.openqa.selenium.remote.ProtocolHandshake createSession
INFO: Detected dialect: W3C
]]></system-err>
  </testcase>
  <testcase name="accPageSectionsListTest" classname="com.qa.opencart.tests.AccountsPageTest" time="0.144">
    <system-out><![CDATA[LogoutlinkTest passed!
I am in onTestSuccess method LogoutlinkTest succeed
accPageSectionsListTest started!
I am in onTestStart method accPageSectionsListTest start
Accounts Section List[My Account, My Orders, My Affiliate Account, Newsletter]
]]></system-out>
  </testcase>
  <testcase name="accountsPageTitleTest" classname="com.qa.opencart.tests.AccountsPageTest" time="0.005">
    <system-out><![CDATA[accPageSectionsListTest passed!
I am in onTestSuccess method accPageSectionsListTest succeed
accountsPageTitleTest started!
I am in onTestStart method accountsPageTitleTest start
 Accounts page title is :My Account
]]></system-out>
  </testcase>
  <testcase name="headerTest" classname="com.qa.opencart.tests.AccountsPageTest" time="0.448">
    <system-out><![CDATA[accountsPageTitleTest passed!
I am in onTestSuccess method accountsPageTitleTest succeed
headerTest started!
I am in onTestStart method headerTest start
]]></system-out>
  </testcase>
  <testcase name="searchExistTest" classname="com.qa.opencart.tests.AccountsPageTest" time="0.454">
    <system-out><![CDATA[headerTest passed!
I am in onTestSuccess method headerTest succeed
searchExistTest started!
I am in onTestStart method searchExistTest start
]]></system-out>
  </testcase>
</testsuite>