<?xml version="1.0" encoding="UTF-8"?>
<testng-results skipped="0" failed="0" ignored="0" total="8" passed="8">
  <reporter-output>
  </reporter-output>
  <suite name="Open Cart Test Suite" duration-ms="7656" started-at="2021-07-13T21:48:36Z" finished-at="2021-07-13T21:48:44Z">
    <groups>
    </groups>
    <test name="Open Cart Login Page Test" duration-ms="6616" started-at="2021-07-13T21:48:36Z" finished-at="2021-07-13T21:48:42Z">
      <class name="com.qa.opencart.tests.LoginPageTest">
        <test-method status="PASS" signature="setup()[pri:0, instance:com.qa.opencart.tests.LoginPageTest@5f84abe8]" name="setup" is-config="true" duration-ms="2580" started-at="2021-07-13T21:48:36Z" finished-at="2021-07-13T21:48:38Z">
          <reporter-output>
          </reporter-output>
        </test-method> <!-- setup -->
        <test-method status="PASS" signature="forgotPwdLinkTest()[pri:0, instance:com.qa.opencart.tests.LoginPageTest@5f84abe8]" name="forgotPwdLinkTest" duration-ms="647" started-at="2021-07-13T21:48:38Z" finished-at="2021-07-13T21:48:39Z">
          <reporter-output>
          </reporter-output>
        </test-method> <!-- forgotPwdLinkTest -->
        <test-method status="PASS" signature="loginPageTitleTest()[pri:0, instance:com.qa.opencart.tests.LoginPageTest@5f84abe8]" name="loginPageTitleTest" duration-ms="30" started-at="2021-07-13T21:48:39Z" finished-at="2021-07-13T21:48:39Z">
          <reporter-output>
          </reporter-output>
        </test-method> <!-- loginPageTitleTest -->
        <test-method status="PASS" signature="loginTest()[pri:0, instance:com.qa.opencart.tests.LoginPageTest@5f84abe8]" name="loginTest" duration-ms="3204" started-at="2021-07-13T21:48:39Z" finished-at="2021-07-13T21:48:42Z">
          <reporter-output>
          </reporter-output>
        </test-method> <!-- loginTest -->
        <test-method status="PASS" signature="tearDown()[pri:0, instance:com.qa.opencart.tests.LoginPageTest@5f84abe8]" name="tearDown" is-config="true" duration-ms="61" started-at="2021-07-13T21:48:42Z" finished-at="2021-07-13T21:48:42Z">
          <reporter-output>
          </reporter-output>
        </test-method> <!-- tearDown -->
      </class> <!-- com.qa.opencart.tests.LoginPageTest -->
    </test> <!-- Open Cart Login Page Test -->
    <test name="Open Cart Accounts Page Test" duration-ms="7656" started-at="2021-07-13T21:48:36Z" finished-at="2021-07-13T21:48:44Z">
      <class name="com.qa.opencart.tests.AccountsPageTest">
        <test-method status="PASS" signature="setup()[pri:0, instance:com.qa.opencart.tests.AccountsPageTest@231baf51]" name="setup" is-config="true" duration-ms="2526" started-at="2021-07-13T21:48:36Z" finished-at="2021-07-13T21:48:38Z">
          <reporter-output>
          </reporter-output>
        </test-method> <!-- setup -->
        <test-method status="PASS" signature="AccountsPageSetup()[pri:0, instance:com.qa.opencart.tests.AccountsPageTest@231baf51]" name="AccountsPageSetup" is-config="true" duration-ms="3074" started-at="2021-07-13T21:48:38Z" finished-at="2021-07-13T21:48:41Z">
          <reporter-output>
          </reporter-output>
        </test-method> <!-- AccountsPageSetup -->
        <test-method status="PASS" signature="LogoutlinkTest()[pri:0, instance:com.qa.opencart.tests.AccountsPageTest@231baf51]" name="LogoutlinkTest" duration-ms="565" started-at="2021-07-13T21:48:41Z" finished-at="2021-07-13T21:48:42Z">
          <reporter-output>
          </reporter-output>
        </test-method> <!-- LogoutlinkTest -->
        <test-method status="PASS" signature="accPageSectionsListTest()[pri:0, instance:com.qa.opencart.tests.AccountsPageTest@231baf51]" name="accPageSectionsListTest" duration-ms="334" started-at="2021-07-13T21:48:42Z" finished-at="2021-07-13T21:48:42Z">
          <reporter-output>
          </reporter-output>
        </test-method> <!-- accPageSectionsListTest -->
        <test-method status="PASS" signature="accountsPageTitleTest()[pri:0, instance:com.qa.opencart.tests.AccountsPageTest@231baf51]" name="accountsPageTitleTest" duration-ms="22" started-at="2021-07-13T21:48:42Z" finished-at="2021-07-13T21:48:42Z">
          <reporter-output>
          </reporter-output>
        </test-method> <!-- accountsPageTitleTest -->
        <test-method status="PASS" signature="headerTest()[pri:0, instance:com.qa.opencart.tests.AccountsPageTest@231baf51]" name="headerTest" duration-ms="518" started-at="2021-07-13T21:48:42Z" finished-at="2021-07-13T21:48:43Z">
          <reporter-output>
          </reporter-output>
        </test-method> <!-- headerTest -->
        <test-method status="PASS" signature="searchExistTest()[pri:0, instance:com.qa.opencart.tests.AccountsPageTest@231baf51]" name="searchExistTest" duration-ms="533" started-at="2021-07-13T21:48:43Z" finished-at="2021-07-13T21:48:43Z">
          <reporter-output>
          </reporter-output>
        </test-method> <!-- searchExistTest -->
        <test-method status="PASS" signature="tearDown()[pri:0, instance:com.qa.opencart.tests.AccountsPageTest@231baf51]" name="tearDown" is-config="true" duration-ms="57" started-at="2021-07-13T21:48:43Z" finished-at="2021-07-13T21:48:44Z">
          <reporter-output>
          </reporter-output>
        </test-method> <!-- tearDown -->
      </class> <!-- com.qa.opencart.tests.AccountsPageTest -->
    </test> <!-- Open Cart Accounts Page Test -->
  </suite> <!-- Open Cart Test Suite -->
</testng-results>
